{
  "RSpec": {
    "coverage": {
      "/Users/USMAC/Desktop/projects/oystercard/spec/journey_spec.rb": [
        1,
        null,
        null,
        1,
        6,
        6,
        null,
        1,
        1,
        1,
        null,
        null,
        1,
        1,
        1,
        null,
        null,
        1,
        1,
        1,
        null,
        null,
        1,
        1,
        1,
        null,
        null,
        1,
        1,
        1,
        1,
        null,
        null,
        null,
        null
      ],
      "/Users/USMAC/Desktop/projects/oystercard/lib/journey.rb": [
        1,
        null,
        1,
        1,
        null,
        1,
        null,
        1,
        5,
        5,
        null,
        null,
        1,
        2,
        1,
        null,
        null,
        1,
        3,
        null,
        null,
        null,
        null
      ],
      "/Users/USMAC/Desktop/projects/oystercard/spec/oystercard_spec.rb": [
        null,
        null,
        null,
        null,
        null,
        null,
        null,
        null,
        null,
        null,
        null,
        null,
        null,
        null,
        null,
        null,
        null,
        null,
        null,
        null,
        null,
        null,
        null,
        null,
        null,
        null,
        null,
        null,
        null,
        null,
        null,
        null,
        null,
        null,
        null,
        null,
        null,
        null,
        null,
        null,
        null,
        null,
        null,
        null,
        null,
        null,
        null,
        null,
        null,
        null,
        null,
        null,
        null,
        null,
        null,
        null,
        null,
        null,
        null,
        null,
        null,
        null
      ],
      "/Users/USMAC/Desktop/projects/oystercard/spec/station_spec.rb": [
        1,
        null,
        1,
        null,
        3,
        1,
        1,
        null,
        1,
        1,
        null,
        null
      ],
      "/Users/USMAC/Desktop/projects/oystercard/lib/station.rb": [
        null,
        1,
        1,
        null,
        1,
        2,
        2,
        null,
        null
      ]
    },
    "timestamp": 1502268307
  }
}
