{
  "RSpec": {
    "coverage": {
      "/Users/USMAC/Desktop/projects/oystercard/spec/journey_log_spec.rb": [

      ],
      "/Users/USMAC/Desktop/projects/oystercard/spec/journey_spec.rb": [
        1,
        null,
        1,
        6,
        6,
        null,
        1,
        1,
        1,
        null,
        null,
        1,
        1,
        null,
        null,
        1,
        1,
        null,
        null,
        1,
        1,
        null,
        null,
        1,
        1,
        1,
        null,
        null,
        null
      ],
      "/Users/USMAC/Desktop/projects/oystercard/lib/journey.rb": [
        1,
        null,
        1,
        1,
        null,
        1,
        null,
        1,
        5,
        5,
        null,
        null,
        1,
        2,
        1,
        null,
        null,
        1,
        3,
        null,
        null,
        null
      ],
      "/Users/USMAC/Desktop/projects/oystercard/spec/oystercard_spec.rb": [
        1,
        null,
        1,
        5,
        10,
        10,
        1,
        13,
        9,
        9,
        null,
        null,
        1,
        1,
        null,
        null,
        1,
        1,
        1,
        null,
        null,
        1,
        2,
        null,
        null,
        1,
        1,
        2,
        null,
        null,
        1,
        1,
        1,
        null,
        1,
        1,
        3,
        null,
        1,
        2,
        1,
        null,
        null,
        1,
        3,
        2,
        1,
        1,
        null,
        null,
        1,
        2,
        2,
        4,
        null,
        null,
        null,
        1,
        1,
        null,
        null,
        null
      ],
      "/Users/USMAC/Desktop/projects/oystercard/lib/oystercard.rb": [
        null,
        1,
        1,
        null,
        1,
        null,
        1,
        9,
        9,
        null,
        null,
        1,
        2,
        1,
        null,
        null,
        1,
        4,
        3,
        3,
        null,
        null,
        1,
        2,
        1,
        null,
        1,
        null,
        2,
        null,
        null,
        1,
        7,
        4,
        null,
        null,
        1,
        7,
        null,
        null,
        1,
        null,
        1,
        4,
        null,
        null,
        null
      ],
      "/Users/USMAC/Desktop/projects/oystercard/spec/station_spec.rb": [
        1,
        null,
        1,
        null,
        3,
        1,
        1,
        null,
        1,
        1,
        null,
        null
      ],
      "/Users/USMAC/Desktop/projects/oystercard/lib/station.rb": [
        null,
        1,
        1,
        null,
        1,
        2,
        2,
        null,
        null
      ]
    },
    "timestamp": 1502366489
  }
}
